<?xml version="1.0" encoding="UTF-8"?>
<!-- Generated by org.testng.reporters.JUnitXMLReporter -->
<testsuite hostname="LAPTOP-2C0613A2" name="Test" tests="3" failures="0" timestamp="23 Apr 2022 10:34:05 GMT" time="10.746" errors="0">
  <testcase name="validateTitleTest" time="0.19" classname="com.hrms.testCases.LoginPageTest"/>
  <testcase name="validateLogoTest" time="0.059" classname="com.hrms.testCases.LoginPageTest"/>
  <testcase name="validateLoginLogoutTest" time="0.755" classname="com.hrms.testCases.LoginPageTest"/>
</testsuite> <!-- Test -->
