<?xml version="1.0" encoding="UTF-8"?>
<!-- Generated by org.testng.reporters.JUnitXMLReporter -->
<testsuite hostname="LAPTOP-2C0613A2" ignored="1" name="Test" tests="8" failures="0" timestamp="2022-03-26T19:54:47 IST" time="77.78" errors="0">
  <testcase name="verifyAddEmployeeTest" time="13.094" classname="com.hrms.testCases.AdminPageTest"/>
  <testcase name="verifyAddEmployeeTest" time="3.218" classname="com.hrms.testCases.AdminPageTest"/>
  <testcase name="verifyAddEmployeeTest" time="2.943" classname="com.hrms.testCases.AdminPageTest"/>
  <testcase name="verifyAddEmployeeTest" time="3.0" classname="com.hrms.testCases.AdminPageTest"/>
  <testcase name="validateTitleTest" time="0.017" classname="com.hrms.testCases.HomePageTest"/>
  <testcase name="validateLoginTest" time="2.094" classname="com.hrms.testCases.LoginPageTest"/>
  <testcase name="validateLogoTest" time="0.143" classname="com.hrms.testCases.LoginPageTest"/>
  <testcase name="validateTitleTest" time="0.008" classname="com.hrms.testCases.LoginPageTest"/>
  <testcase name="verifyAdminPageLabelTest" time="0.0" classname="com.hrms.testCases.AdminPageTest">
    <ignored/>
  </testcase> <!-- verifyAdminPageLabelTest -->
</testsuite> <!-- Test -->
