-------------------------------------------------------------------------------
Test set: com.hrms.testCases.LoginPageTest
-------------------------------------------------------------------------------
Tests run: 6, Failures: 1, Errors: 0, Skipped: 5, Time elapsed: 1.835 sec <<< FAILURE!
setUp(com.hrms.testCases.LoginPageTest)  Time elapsed: 1.693 sec  <<< FAILURE!
java.lang.IllegalStateException: The path to the driver executable The path to the driver executable must be set by the webdriver.gecko.driver system property; for more information, see https://github.com/mozilla/geckodriver. The latest version can be downloaded from https://github.com/mozilla/geckodriver/releases
	at org.openqa.selenium.internal.Require$StateChecker.nonNull(Require.java:311)
	at org.openqa.selenium.remote.service.DriverService.findExecutable(DriverService.java:135)
	at org.openqa.selenium.firefox.GeckoDriverService.access$100(GeckoDriverService.java:44)
	at org.openqa.selenium.firefox.GeckoDriverService$Builder.findDefaultExecutable(GeckoDriverService.java:185)
	at org.openqa.selenium.remote.service.DriverService$Builder.build(DriverService.java:437)
	at org.openqa.selenium.firefox.FirefoxDriver.toExecutor(FirefoxDriver.java:176)
	at org.openqa.selenium.firefox.FirefoxDriver.<init>(FirefoxDriver.java:125)
	at org.openqa.selenium.firefox.FirefoxDriver.<init>(FirefoxDriver.java:106)
	at com.hrms.base.Base.initializeDriver(Base.java:51)
	at com.hrms.testCases.LoginPageTest.setUp(LoginPageTest.java:29)

