<?xml version="1.0" encoding="UTF-8" ?>
<testsuite tests="6" failures="1" name="com.hrms.testCases.LoginPageTest" time="1.697" errors="0" skipped="5">
  <properties>
[...]
</properties>
  <testcase classname="com.hrms.testCases.LoginPageTest" name="setUp" time="1.693">
    <failure message="The path to the driver executable The path to the driver executable must be set by the webdriver.gecko.driver system property; for more information, see https://github.com/mozilla/geckodriver. The latest version can be downloaded from https://github.com/mozilla/geckodriver/releases" type="java.lang.IllegalStateException">java.lang.IllegalStateException: The path to the driver executable The path to the driver executable must be set by the webdriver.gecko.driver system property; for more information, see https://github.com/mozilla/geckodriver. The latest version can be downloaded from https://github.com/mozilla/geckodriver/releases
	at org.openqa.selenium.internal.Require$StateChecker.nonNull(Require.java:311)
	at org.openqa.selenium.remote.service.DriverService.findExecutable(DriverService.java:135)
	at org.openqa.selenium.firefox.GeckoDriverService.access$100(GeckoDriverService.java:44)
	at org.openqa.selenium.firefox.GeckoDriverService$Builder.findDefaultExecutable(GeckoDriverService.java:185)
	at org.openqa.selenium.remote.service.DriverService$Builder.build(DriverService.java:437)
	at org.openqa.selenium.firefox.FirefoxDriver.toExecutor(FirefoxDriver.java:176)
	at org.openqa.selenium.firefox.FirefoxDriver.&lt;init&gt;(FirefoxDriver.java:125)
	at org.openqa.selenium.firefox.FirefoxDriver.&lt;init&gt;(FirefoxDriver.java:106)
	at com.hrms.base.Base.initializeDriver(Base.java:51)
	at com.hrms.testCases.LoginPageTest.setUp(LoginPageTest.java:29)
</failure>
    <system-out>Configuring TestNG with: org.apache.maven.surefire.testng.conf.TestNG652Configurator@d7b1517
</system-out>
    <system-err>SLF4J: Failed to load class &quot;org.slf4j.impl.StaticLoggerBinder&quot;.
SLF4J: Defaulting to no-operation (NOP) logger implementation
SLF4J: See http://www.slf4j.org/codes.html#StaticLoggerBinder for further details.
</system-err>
  </testcase>
  <testcase classname="com.hrms.testCases.LoginPageTest" name="validateLoginTest" time="0">
    <skipped/>
  </testcase>
  <testcase classname="com.hrms.testCases.LoginPageTest" name="setUp" time="0.001">
    <skipped/>
  </testcase>
  <testcase classname="com.hrms.testCases.LoginPageTest" name="validateLogoTest" time="0.001">
    <skipped/>
  </testcase>
  <testcase classname="com.hrms.testCases.LoginPageTest" name="setUp" time="0.001">
    <skipped/>
  </testcase>
  <testcase classname="com.hrms.testCases.LoginPageTest" name="validateTitleTest" time="0.001">
    <skipped/>
  </testcase>
</testsuite>