<?xml version="1.0" encoding="UTF-8"?>
<testng-results skipped="0" failed="0" total="1" passed="1">
  <reporter-output>
  </reporter-output>
  <suite name="Default suite" duration-ms="6268" started-at="2022-04-23T10:38:02Z" finished-at="2022-04-23T10:38:08Z">
    <groups>
    </groups>
    <test name="Default test" duration-ms="6268" started-at="2022-04-23T10:38:02Z" finished-at="2022-04-23T10:38:08Z">
      <class name="com.hrms.testCases.PIMPageTest">
        <test-method status="PASS" signature="setUp()[pri:0, instance:com.hrms.testCases.PIMPageTest@34e9fd99]" name="setUp" is-config="true" duration-ms="3641" started-at="2022-04-23T16:08:02Z" finished-at="2022-04-23T16:08:05Z">
          <reporter-output>
          </reporter-output>
        </test-method> <!-- setUp -->
        <test-method status="PASS" signature="verifyAddEmployee()[pri:0, instance:com.hrms.testCases.PIMPageTest@34e9fd99]" name="verifyAddEmployee" duration-ms="2529" started-at="2022-04-23T16:08:05Z" finished-at="2022-04-23T16:08:08Z">
          <reporter-output>
          </reporter-output>
        </test-method> <!-- verifyAddEmployee -->
        <test-method status="PASS" signature="tearDown()[pri:0, instance:com.hrms.testCases.PIMPageTest@34e9fd99]" name="tearDown" is-config="true" duration-ms="89" started-at="2022-04-23T16:08:08Z" finished-at="2022-04-23T16:08:08Z">
          <reporter-output>
          </reporter-output>
        </test-method> <!-- tearDown -->
      </class> <!-- com.hrms.testCases.PIMPageTest -->
    </test> <!-- Default test -->
  </suite> <!-- Default suite -->
</testng-results>
